The system is: Linux - 5.4.0-58-generic - x86_64
Compiling the C compiler identification source file "CMakeCCompilerId.c" succeeded.
Compiler: /bin/gcc-8 
Build flags: 
Id flags:  

The output was:
0


Compilation of the C compiler identification source "CMakeCCompilerId.c" produced "a.out"

The C compiler identification is GNU, found in "/home/matthewalgo/DATA/linux-projects/SYNTH_REMAKE/build/CMakeFiles/3.16.3/CompilerIdC/a.out"

Compiling the CXX compiler identification source file "CMakeCXXCompilerId.cpp" succeeded.
Compiler: /bin/c++ 
Build flags: 
Id flags:  

The output was:
0


Compilation of the CXX compiler identification source "CMakeCXXCompilerId.cpp" produced "a.out"

The CXX compiler identification is GNU, found in "/home/matthewalgo/DATA/linux-projects/SYNTH_REMAKE/build/CMakeFiles/3.16.3/CompilerIdCXX/a.out"

Determining if the C compiler works passed with the following output:
Change Dir: /home/matthewalgo/DATA/linux-projects/SYNTH_REMAKE/build/CMakeFiles/CMakeTmp

Run Build Command(s):/usr/bin/make cmTC_3dfad/fast && /usr/bin/make -f CMakeFiles/cmTC_3dfad.dir/build.make CMakeFiles/cmTC_3dfad.dir/build
make[1]: Entering directory '/home/matthewalgo/DATA/linux-projects/SYNTH_REMAKE/build/CMakeFiles/CMakeTmp'
Building C object CMakeFiles/cmTC_3dfad.dir/testCCompiler.c.o
/bin/gcc-8    -o CMakeFiles/cmTC_3dfad.dir/testCCompiler.c.o   -c /home/matthewalgo/DATA/linux-projects/SYNTH_REMAKE/build/CMakeFiles/CMakeTmp/testCCompiler.c
Linking C executable cmTC_3dfad
/usr/bin/cmake -E cmake_link_script CMakeFiles/cmTC_3dfad.dir/link.txt --verbose=1
/bin/gcc-8      -rdynamic CMakeFiles/cmTC_3dfad.dir/testCCompiler.c.o  -o cmTC_3dfad 
make[1]: Leaving directory '/home/matthewalgo/DATA/linux-projects/SYNTH_REMAKE/build/CMakeFiles/CMakeTmp'



Determining if the CXX compiler works passed with the following output:
Change Dir: /home/matthewalgo/DATA/linux-projects/SYNTH_REMAKE/build/CMakeFiles/CMakeTmp

Run Build Command(s):/usr/bin/make cmTC_3cfb6/fast && /usr/bin/make -f CMakeFiles/cmTC_3cfb6.dir/build.make CMakeFiles/cmTC_3cfb6.dir/build
make[1]: Entering directory '/home/matthewalgo/DATA/linux-projects/SYNTH_REMAKE/build/CMakeFiles/CMakeTmp'
Building CXX object CMakeFiles/cmTC_3cfb6.dir/testCXXCompiler.cxx.o
/bin/c++     -o CMakeFiles/cmTC_3cfb6.dir/testCXXCompiler.cxx.o -c /home/matthewalgo/DATA/linux-projects/SYNTH_REMAKE/build/CMakeFiles/CMakeTmp/testCXXCompiler.cxx
Linking CXX executable cmTC_3cfb6
/usr/bin/cmake -E cmake_link_script CMakeFiles/cmTC_3cfb6.dir/link.txt --verbose=1
/bin/c++       -rdynamic CMakeFiles/cmTC_3cfb6.dir/testCXXCompiler.cxx.o  -o cmTC_3cfb6 
make[1]: Leaving directory '/home/matthewalgo/DATA/linux-projects/SYNTH_REMAKE/build/CMakeFiles/CMakeTmp'



